<?xml version="1.0" encoding="UTF-8"?>
<!-- Generated by org.testng.reporters.JUnitReportReporter -->
<testsuite hostname="ArunMotoori" failures="0" tests="3" name="tests.Register" time="27.687" errors="0" timestamp="2022-06-24T16:08:57 IST" skipped="0">
  <testcase classname="tests.Register" name="registerWithMandatoryFields" time="16.005"/>
  <system-out/>
  <testcase classname="tests.Register" name="registerWithAllFields" time="3.842"/>
  <system-out/>
  <testcase classname="tests.Register" name="registerWithAlreadyRegisteredEmailAddress" time="7.840"/>
  <system-out/>
</testsuite> <!-- tests.Register -->
