<?xml version="1.0" encoding="UTF-8"?>
<!-- Generated by org.testng.reporters.JUnitReportReporter -->
<testsuite hostname="ArunMotoori" failures="0" tests="3" name="tests.Search" time="7.174" errors="0" timestamp="2022-06-24T16:08:57 IST" skipped="0">
  <testcase classname="tests.Search" name="searchWithValidProduct" time="2.374"/>
  <system-out/>
  <testcase classname="tests.Search" name="searchWithInValidProduct" time="2.362"/>
  <system-out/>
  <testcase classname="tests.Search" name="searchWithoutAnyProduct" time="2.438"/>
  <system-out/>
</testsuite> <!-- tests.Search -->
