<?xml version="1.0" encoding="UTF-8"?>
<!-- Generated by org.testng.reporters.JUnitReportReporter -->
<testsuite hostname="ArunMotoori" failures="0" tests="1" name="runner.MyRunner" time="6.125" errors="0" timestamp="2022-06-30T13:07:03 IST" skipped="0">
  <testcase classname="runner.MyRunner" name="runScenario" time="6.125"/>
  <system-out/>
</testsuite> <!-- runner.MyRunner -->
