<?xml version="1.0" encoding="UTF-8"?>
<!-- Generated by org.testng.reporters.JUnitReportReporter -->
<testsuite hostname="ArunMotoori" failures="0" tests="3" name="tests.Login" time="9.527" errors="0" timestamp="2022-06-24T16:08:57 IST" skipped="0">
  <testcase classname="tests.Login" name="loginWithValidCredentials" time="3.295"/>
  <system-out/>
  <testcase classname="tests.Login" name="loginWithValidUsernameAndInvalidPassword" time="3.058"/>
  <system-out/>
  <testcase classname="tests.Login" name="loginWithInvalidUsernameAndValidPassword" time="3.174"/>
  <system-out/>
</testsuite> <!-- tests.Login -->
