<?xml version="1.0" encoding="UTF-8"?>
<!-- Generated by org.testng.reporters.JUnitReportReporter -->
<testsuite hostname="ArunMotoori" failures="0" tests="3" name="tests.RegisterTest" time="24.386" errors="0" timestamp="2022-06-27T12:15:06 IST" skipped="0">
  <testcase classname="tests.RegisterTest" name="registerWithMandatoryFields" time="6.243"/>
  <system-out/>
  <testcase classname="tests.RegisterTest" name="registerWithAllFields" time="14.375"/>
  <system-out/>
  <testcase classname="tests.RegisterTest" name="registerWithAlreadyRegisteredEmailAddress" time="3.768"/>
  <system-out/>
</testsuite> <!-- tests.RegisterTest -->
