<?xml version="1.0" encoding="UTF-8"?>
<!-- Generated by org.testng.reporters.JUnitReportReporter -->
<testsuite hostname="ArunMotoori" failures="0" tests="3" name="tests.SearchTest" time="16.632" errors="0" timestamp="2022-06-27T12:15:06 IST" skipped="0">
  <testcase classname="tests.SearchTest" name="searchWithValidProduct" time="2.583"/>
  <system-out/>
  <testcase classname="tests.SearchTest" name="searchWithInValidProduct" time="2.639"/>
  <system-out/>
  <testcase classname="tests.SearchTest" name="searchWithoutAnyProduct" time="11.410"/>
  <system-out/>
</testsuite> <!-- tests.SearchTest -->
