<?xml version="1.0" encoding="UTF-8"?>
<!-- Generated by org.testng.reporters.JUnitReportReporter -->
<testsuite hostname="ArunMotoori" failures="0" tests="3" name="tests.RegisterTest" time="11.607" errors="0" timestamp="2022-06-24T16:24:18 IST" skipped="0">
  <testcase classname="tests.RegisterTest" name="registerWithMandatoryFields" time="3.943"/>
  <system-out/>
  <testcase classname="tests.RegisterTest" name="registerWithAllFields" time="3.984"/>
  <system-out/>
  <testcase classname="tests.RegisterTest" name="registerWithAlreadyRegisteredEmailAddress" time="3.680"/>
  <system-out/>
</testsuite> <!-- tests.RegisterTest -->
