<?xml version="1.0" encoding="UTF-8"?>
<!-- Generated by org.testng.reporters.JUnitReportReporter -->
<testsuite hostname="ArunMotoori" failures="0" tests="3" name="runner.MyRunner" time="35.911" errors="0" timestamp="2022-06-27T16:17:10 IST" skipped="0">
  <testcase classname="runner.MyRunner" name="runScenario" time="23.152"/>
  <system-out/>
  <testcase classname="runner.MyRunner" name="runScenario" time="6.293"/>
  <system-out/>
  <testcase classname="runner.MyRunner" name="runScenario" time="6.466"/>
  <system-out/>
</testsuite> <!-- runner.MyRunner -->
