<?xml version="1.0" encoding="UTF-8"?>
<!-- Generated by org.testng.reporters.JUnitReportReporter -->
<testsuite hostname="ArunMotoori" failures="0" tests="3" name="tests.SearchTest" time="7.327" errors="0" timestamp="2022-06-24T16:24:18 IST" skipped="0">
  <testcase classname="tests.SearchTest" name="searchWithValidProduct" time="2.448"/>
  <system-out/>
  <testcase classname="tests.SearchTest" name="searchWithInValidProduct" time="2.388"/>
  <system-out/>
  <testcase classname="tests.SearchTest" name="searchWithoutAnyProduct" time="2.491"/>
  <system-out/>
</testsuite> <!-- tests.SearchTest -->
