<?xml version="1.0" encoding="UTF-8"?>
<!-- Generated by org.testng.reporters.JUnitReportReporter -->
<testsuite hostname="ArunMotoori" failures="0" tests="3" name="tests.LoginTest" time="12.427" errors="0" timestamp="2022-06-24T16:24:18 IST" skipped="0">
  <testcase classname="tests.LoginTest" name="loginWithValidCredentials" time="6.255"/>
  <system-out/>
  <testcase classname="tests.LoginTest" name="loginWithValidUsernameAndInvalidPassword" time="3.096"/>
  <system-out/>
  <testcase classname="tests.LoginTest" name="loginWithInvalidUsernameAndValidPassword" time="3.076"/>
  <system-out/>
</testsuite> <!-- tests.LoginTest -->
